RecordNumber,EventRecordId,TimeCreated,EventId,Level,Provider,Channel,ProcessId,ThreadId,Computer,ChunkNumber,UserId,MapDescription,UserName,RemoteHost,PayloadData1,PayloadData2,PayloadData3,PayloadData4,PayloadData5,PayloadData6,ExecutableInfo,HiddenRecord,SourceFile,Keywords,ExtraDataOffset,Payload
81,81,2024-03-13 05:08:43.9132471,41,Info,Microsoft-Windows-TerminalServices-LocalSessionManager,Microsoft-Windows-TerminalServices-LocalSessionManager/Operational,640,860,wef.windomain.local,0,S-1-5-18,RDP Begin session arbitration,,,Target: WEF\vagrant,Session ID: 1,,,,ActivityID: 61a55000-55e5-1017-0000-000000000000,,False,C:\lab\Tools\EvtxECmd\FileServer\Microsoft-Windows-TerminalServices-LocalSessionManager%4Operational.evtx,0x1000000000000000,0,"{""UserData"":{""EventXML"":{""User"":""WEF\\vagrant"",""SessionID"":""1""}}}"
82,82,2024-03-13 05:08:43.9186920,42,Info,Microsoft-Windows-TerminalServices-LocalSessionManager,Microsoft-Windows-TerminalServices-LocalSessionManager/Operational,640,860,wef.windomain.local,0,S-1-5-18,,,,,,,,,,,False,C:\lab\Tools\EvtxECmd\FileServer\Microsoft-Windows-TerminalServices-LocalSessionManager%4Operational.evtx,0x1000000000000000,0,"{""UserData"":{""EventXML"":{""User"":""WEF\\vagrant"",""SessionID"":""1""}}}"
83,83,2024-03-13 05:08:44.0827547,21,Info,Microsoft-Windows-TerminalServices-LocalSessionManager,Microsoft-Windows-TerminalServices-LocalSessionManager/Operational,640,860,wef.windomain.local,0,S-1-5-18,Remote Desktop Services: Session logon succeeded,WEF\vagrant,LOCAL,Session ID: 1,,,,,,,False,C:\lab\Tools\EvtxECmd\FileServer\Microsoft-Windows-TerminalServices-LocalSessionManager%4Operational.evtx,0x1000000000000000,0,"{""UserData"":{""EventXML"":{""User"":""WEF\\vagrant"",""SessionID"":""1"",""Address"":""LOCAL""}}}"
84,84,2024-03-13 05:08:44.2801782,22,Info,Microsoft-Windows-TerminalServices-LocalSessionManager,Microsoft-Windows-TerminalServices-LocalSessionManager/Operational,640,676,wef.windomain.local,0,S-1-5-18,Remote Desktop Services: Shell start notification received,WEF\vagrant,LOCAL,,,,,,,,False,C:\lab\Tools\EvtxECmd\FileServer\Microsoft-Windows-TerminalServices-LocalSessionManager%4Operational.evtx,0x1000000000000000,0,"{""UserData"":{""EventXML"":{""User"":""WEF\\vagrant"",""SessionID"":""1"",""Address"":""LOCAL""}}}"
85,85,2024-03-13 05:14:49.3303125,41,Info,Microsoft-Windows-TerminalServices-LocalSessionManager,Microsoft-Windows-TerminalServices-LocalSessionManager/Operational,640,3380,wef.windomain.local,0,S-1-5-18,RDP Begin session arbitration,,,Target: WEF\vagrant,Session ID: 2,,,,ActivityID: f42003df-7b76-4dc6-b7ab-854882dd0000,,False,C:\lab\Tools\EvtxECmd\FileServer\Microsoft-Windows-TerminalServices-LocalSessionManager%4Operational.evtx,0x1000000000000000,0,"{""UserData"":{""EventXML"":{""User"":""WEF\\vagrant"",""SessionID"":""2""}}}"
86,86,2024-03-13 05:14:51.1863146,40,Info,Microsoft-Windows-TerminalServices-LocalSessionManager,Microsoft-Windows-TerminalServices-LocalSessionManager/Operational,640,3380,wef.windomain.local,0,S-1-5-18,"Session (PayloadData1) has been disconnected, reason code (PayloadData2)",,,Session: 2,Reason: The disconnection was initiated by the user logging off his or her session on the server,,,,,,False,C:\lab\Tools\EvtxECmd\FileServer\Microsoft-Windows-TerminalServices-LocalSessionManager%4Operational.evtx,0x1000000000000000,0,"{""UserData"":{""EventXML"":{""Session"":""2"",""Reason"":""12""}}}"
87,87,2024-03-13 05:16:24.8458429,41,Info,Microsoft-Windows-TerminalServices-LocalSessionManager,Microsoft-Windows-TerminalServices-LocalSessionManager/Operational,640,3388,wef.windomain.local,0,S-1-5-18,RDP Begin session arbitration,,,Target: WINDOMAIN\vagrant,Session ID: 2,,,,ActivityID: f420062b-41ec-45b2-aa99-475e47ce0000,,False,C:\lab\Tools\EvtxECmd\FileServer\Microsoft-Windows-TerminalServices-LocalSessionManager%4Operational.evtx,0x1000000000000000,0,"{""UserData"":{""EventXML"":{""User"":""WINDOMAIN\\vagrant"",""SessionID"":""2""}}}"
88,88,2024-03-13 05:16:24.8492906,42,Info,Microsoft-Windows-TerminalServices-LocalSessionManager,Microsoft-Windows-TerminalServices-LocalSessionManager/Operational,640,3388,wef.windomain.local,0,S-1-5-18,,,,,,,,,,,False,C:\lab\Tools\EvtxECmd\FileServer\Microsoft-Windows-TerminalServices-LocalSessionManager%4Operational.evtx,0x1000000000000000,0,"{""UserData"":{""EventXML"":{""User"":""WINDOMAIN\\vagrant"",""SessionID"":""2""}}}"
89,89,2024-03-13 05:16:26.3802643,21,Info,Microsoft-Windows-TerminalServices-LocalSessionManager,Microsoft-Windows-TerminalServices-LocalSessionManager/Operational,640,3388,wef.windomain.local,0,S-1-5-18,Remote Desktop Services: Session logon succeeded,WINDOMAIN\vagrant,192.168.56.102,Session ID: 2,,,,,,,False,C:\lab\Tools\EvtxECmd\FileServer\Microsoft-Windows-TerminalServices-LocalSessionManager%4Operational.evtx,0x1000000000000000,0,"{""UserData"":{""EventXML"":{""User"":""WINDOMAIN\\vagrant"",""SessionID"":""2"",""Address"":""192.168.56.102""}}}"
90,90,2024-03-13 05:16:26.6528702,22,Info,Microsoft-Windows-TerminalServices-LocalSessionManager,Microsoft-Windows-TerminalServices-LocalSessionManager/Operational,640,1136,wef.windomain.local,0,S-1-5-18,Remote Desktop Services: Shell start notification received,WINDOMAIN\vagrant,192.168.56.102,,,,,,,,False,C:\lab\Tools\EvtxECmd\FileServer\Microsoft-Windows-TerminalServices-LocalSessionManager%4Operational.evtx,0x1000000000000000,0,"{""UserData"":{""EventXML"":{""User"":""WINDOMAIN\\vagrant"",""SessionID"":""2"",""Address"":""192.168.56.102""}}}"
91,91,2024-03-13 05:16:38.2514040,40,Info,Microsoft-Windows-TerminalServices-LocalSessionManager,Microsoft-Windows-TerminalServices-LocalSessionManager/Operational,640,3388,wef.windomain.local,0,S-1-5-18,"Session (PayloadData1) has been disconnected, reason code (PayloadData2)",,,Session: 2,Reason: No additional information is available (i.e. the user has closed RDP window),,,,,,False,C:\lab\Tools\EvtxECmd\FileServer\Microsoft-Windows-TerminalServices-LocalSessionManager%4Operational.evtx,0x1000000000000000,0,"{""UserData"":{""EventXML"":{""Session"":""2"",""Reason"":""0""}}}"
92,92,2024-03-13 05:16:38.3564885,24,Info,Microsoft-Windows-TerminalServices-LocalSessionManager,Microsoft-Windows-TerminalServices-LocalSessionManager/Operational,640,3388,wef.windomain.local,0,S-1-5-18,Remote Desktop Services: Session has been disconnected,WINDOMAIN\vagrant,192.168.56.102,Session ID: 2,,,,,,,False,C:\lab\Tools\EvtxECmd\FileServer\Microsoft-Windows-TerminalServices-LocalSessionManager%4Operational.evtx,0x1000000000000000,0,"{""UserData"":{""EventXML"":{""User"":""WINDOMAIN\\vagrant"",""SessionID"":""2"",""Address"":""192.168.56.102""}}}"
93,93,2024-03-13 21:50:43.2310727,32,Info,Microsoft-Windows-TerminalServices-LocalSessionManager,Microsoft-Windows-TerminalServices-LocalSessionManager/Operational,644,752,wef.windomain.local,0,S-1-5-18,,,,,,,,,,,False,C:\lab\Tools\EvtxECmd\FileServer\Microsoft-Windows-TerminalServices-LocalSessionManager%4Operational.evtx,0x1000000000000000,0,"{""UserData"":{""EventXML"":{""messageName"":""RDSAppXPlugin""}}}"
94,94,2024-03-13 21:51:56.2107043,41,Info,Microsoft-Windows-TerminalServices-LocalSessionManager,Microsoft-Windows-TerminalServices-LocalSessionManager/Operational,644,788,wef.windomain.local,0,S-1-5-18,RDP Begin session arbitration,,,Target: WEF\vagrant,Session ID: 1,,,,ActivityID: 61a55000-55e5-1017-0000-000000000000,,False,C:\lab\Tools\EvtxECmd\FileServer\Microsoft-Windows-TerminalServices-LocalSessionManager%4Operational.evtx,0x1000000000000000,0,"{""UserData"":{""EventXML"":{""User"":""WEF\\vagrant"",""SessionID"":""1""}}}"
95,95,2024-03-13 21:51:56.2196596,42,Info,Microsoft-Windows-TerminalServices-LocalSessionManager,Microsoft-Windows-TerminalServices-LocalSessionManager/Operational,644,788,wef.windomain.local,0,S-1-5-18,,,,,,,,,,,False,C:\lab\Tools\EvtxECmd\FileServer\Microsoft-Windows-TerminalServices-LocalSessionManager%4Operational.evtx,0x1000000000000000,0,"{""UserData"":{""EventXML"":{""User"":""WEF\\vagrant"",""SessionID"":""1""}}}"
96,96,2024-03-13 21:51:56.3592553,21,Info,Microsoft-Windows-TerminalServices-LocalSessionManager,Microsoft-Windows-TerminalServices-LocalSessionManager/Operational,644,788,wef.windomain.local,0,S-1-5-18,Remote Desktop Services: Session logon succeeded,WEF\vagrant,LOCAL,Session ID: 1,,,,,,,False,C:\lab\Tools\EvtxECmd\FileServer\Microsoft-Windows-TerminalServices-LocalSessionManager%4Operational.evtx,0x1000000000000000,0,"{""UserData"":{""EventXML"":{""User"":""WEF\\vagrant"",""SessionID"":""1"",""Address"":""LOCAL""}}}"
97,97,2024-03-13 21:51:56.5911044,22,Info,Microsoft-Windows-TerminalServices-LocalSessionManager,Microsoft-Windows-TerminalServices-LocalSessionManager/Operational,644,676,wef.windomain.local,0,S-1-5-18,Remote Desktop Services: Shell start notification received,WEF\vagrant,LOCAL,,,,,,,,False,C:\lab\Tools\EvtxECmd\FileServer\Microsoft-Windows-TerminalServices-LocalSessionManager%4Operational.evtx,0x1000000000000000,0,"{""UserData"":{""EventXML"":{""User"":""WEF\\vagrant"",""SessionID"":""1"",""Address"":""LOCAL""}}}"
98,98,2024-03-13 21:55:24.7856936,41,Info,Microsoft-Windows-TerminalServices-LocalSessionManager,Microsoft-Windows-TerminalServices-LocalSessionManager/Operational,644,952,wef.windomain.local,0,S-1-5-18,RDP Begin session arbitration,,,Target: WINDOMAIN\admin.1,Session ID: 2,,,,ActivityID: f4203965-b089-4c1e-a852-e99c6c000000,,False,C:\lab\Tools\EvtxECmd\FileServer\Microsoft-Windows-TerminalServices-LocalSessionManager%4Operational.evtx,0x1000000000000000,0,"{""UserData"":{""EventXML"":{""User"":""WINDOMAIN\\admin.1"",""SessionID"":""2""}}}"
99,99,2024-03-13 21:55:24.7966350,42,Info,Microsoft-Windows-TerminalServices-LocalSessionManager,Microsoft-Windows-TerminalServices-LocalSessionManager/Operational,644,952,wef.windomain.local,0,S-1-5-18,,,,,,,,,,,False,C:\lab\Tools\EvtxECmd\FileServer\Microsoft-Windows-TerminalServices-LocalSessionManager%4Operational.evtx,0x1000000000000000,0,"{""UserData"":{""EventXML"":{""User"":""WINDOMAIN\\admin.1"",""SessionID"":""2""}}}"
100,100,2024-03-13 21:55:25.9130654,21,Info,Microsoft-Windows-TerminalServices-LocalSessionManager,Microsoft-Windows-TerminalServices-LocalSessionManager/Operational,644,952,wef.windomain.local,0,S-1-5-18,Remote Desktop Services: Session logon succeeded,WINDOMAIN\admin.1,192.168.56.102,Session ID: 2,,,,,,,False,C:\lab\Tools\EvtxECmd\FileServer\Microsoft-Windows-TerminalServices-LocalSessionManager%4Operational.evtx,0x1000000000000000,0,"{""UserData"":{""EventXML"":{""User"":""WINDOMAIN\\admin.1"",""SessionID"":""2"",""Address"":""192.168.56.102""}}}"
101,101,2024-03-13 21:55:26.2185186,22,Info,Microsoft-Windows-TerminalServices-LocalSessionManager,Microsoft-Windows-TerminalServices-LocalSessionManager/Operational,644,3852,wef.windomain.local,0,S-1-5-18,Remote Desktop Services: Shell start notification received,WINDOMAIN\admin.1,192.168.56.102,,,,,,,,False,C:\lab\Tools\EvtxECmd\FileServer\Microsoft-Windows-TerminalServices-LocalSessionManager%4Operational.evtx,0x1000000000000000,0,"{""UserData"":{""EventXML"":{""User"":""WINDOMAIN\\admin.1"",""SessionID"":""2"",""Address"":""192.168.56.102""}}}"
102,102,2024-03-13 22:08:03.7727658,40,Info,Microsoft-Windows-TerminalServices-LocalSessionManager,Microsoft-Windows-TerminalServices-LocalSessionManager/Operational,644,2572,wef.windomain.local,0,S-1-5-18,"Session (PayloadData1) has been disconnected, reason code (PayloadData2)",,,Session: 2,Reason: No additional information is available (i.e. the user has closed RDP window),,,,,,False,C:\lab\Tools\EvtxECmd\FileServer\Microsoft-Windows-TerminalServices-LocalSessionManager%4Operational.evtx,0x1000000000000000,0,"{""UserData"":{""EventXML"":{""Session"":""2"",""Reason"":""0""}}}"
103,103,2024-03-13 22:08:03.9261277,24,Info,Microsoft-Windows-TerminalServices-LocalSessionManager,Microsoft-Windows-TerminalServices-LocalSessionManager/Operational,644,2572,wef.windomain.local,0,S-1-5-18,Remote Desktop Services: Session has been disconnected,WINDOMAIN\admin.1,192.168.56.102,Session ID: 2,,,,,,,False,C:\lab\Tools\EvtxECmd\FileServer\Microsoft-Windows-TerminalServices-LocalSessionManager%4Operational.evtx,0x1000000000000000,0,"{""UserData"":{""EventXML"":{""User"":""WINDOMAIN\\admin.1"",""SessionID"":""2"",""Address"":""192.168.56.102""}}}"
104,104,2024-03-13 22:08:30.6862216,39,Info,Microsoft-Windows-TerminalServices-LocalSessionManager,Microsoft-Windows-TerminalServices-LocalSessionManager/Operational,644,4504,wef.windomain.local,0,S-1-5-18,Session (PayloadData1) has been disconnected by session (PayloadData2),,,TargetSession: 1,Source: 1,,,,,,False,C:\lab\Tools\EvtxECmd\FileServer\Microsoft-Windows-TerminalServices-LocalSessionManager%4Operational.evtx,0x1000000000000000,0,"{""UserData"":{""EventXML"":{""TargetSession"":""1"",""Source"":""1""}}}"
105,105,2024-03-13 22:08:30.6862263,59,Info,Microsoft-Windows-TerminalServices-LocalSessionManager,Microsoft-Windows-TerminalServices-LocalSessionManager/Operational,644,4504,wef.windomain.local,0,S-1-5-18,,,,,,,,,,,False,C:\lab\Tools\EvtxECmd\FileServer\Microsoft-Windows-TerminalServices-LocalSessionManager%4Operational.evtx,0x1000000000000000,0,"{""ProcessingErrorData"":{""ErrorCode"":""15005"",""DataItemName"":""ClientProcessId"",""EventPayload"":""52-70-63-44-69-73-63-6F-6E-6E-65-63-74-00-4C-00-6F-00-67-00-6F-00-6E-00-55-00-49-00-2E-00-65-00-78-00-65-00-00-00-01-00-00-00-38-04-00-00""}}"
106,106,2024-03-13 22:08:30.6862289,40,Info,Microsoft-Windows-TerminalServices-LocalSessionManager,Microsoft-Windows-TerminalServices-LocalSessionManager/Operational,644,4504,wef.windomain.local,0,S-1-5-18,"Session (PayloadData1) has been disconnected, reason code (PayloadData2)",,,Session: 1,Reason: The disconnection was initiated by the user disconnecting his or her session on the server or by an administrative tool on the server,,,,,,False,C:\lab\Tools\EvtxECmd\FileServer\Microsoft-Windows-TerminalServices-LocalSessionManager%4Operational.evtx,0x1000000000000000,0,"{""UserData"":{""EventXML"":{""Session"":""1"",""Reason"":""11""}}}"
107,107,2024-03-13 22:08:30.7599683,24,Info,Microsoft-Windows-TerminalServices-LocalSessionManager,Microsoft-Windows-TerminalServices-LocalSessionManager/Operational,644,4504,wef.windomain.local,0,S-1-5-18,Remote Desktop Services: Session has been disconnected,WEF\vagrant,LOCAL,Session ID: 1,,,,,,,False,C:\lab\Tools\EvtxECmd\FileServer\Microsoft-Windows-TerminalServices-LocalSessionManager%4Operational.evtx,0x1000000000000000,0,"{""UserData"":{""EventXML"":{""User"":""WEF\\vagrant"",""SessionID"":""1"",""Address"":""LOCAL""}}}"
108,108,2024-03-13 22:09:20.1625034,41,Info,Microsoft-Windows-TerminalServices-LocalSessionManager,Microsoft-Windows-TerminalServices-LocalSessionManager/Operational,644,736,wef.windomain.local,0,S-1-5-18,RDP Begin session arbitration,,,Target: WINDOMAIN\admin.1,Session ID: 3,,,,ActivityID: 61a55000-55e5-1017-0000-000000000000,,False,C:\lab\Tools\EvtxECmd\FileServer\Microsoft-Windows-TerminalServices-LocalSessionManager%4Operational.evtx,0x1000000000000000,0,"{""UserData"":{""EventXML"":{""User"":""WINDOMAIN\\admin.1"",""SessionID"":""3""}}}"
109,109,2024-03-13 22:09:20.1673064,40,Info,Microsoft-Windows-TerminalServices-LocalSessionManager,Microsoft-Windows-TerminalServices-LocalSessionManager/Operational,644,4504,wef.windomain.local,0,S-1-5-18,"Session (PayloadData1) has been disconnected, reason code (PayloadData2)",,,Session: 3,Reason: No additional information is available (i.e. the user has closed RDP window),,,,,,False,C:\lab\Tools\EvtxECmd\FileServer\Microsoft-Windows-TerminalServices-LocalSessionManager%4Operational.evtx,0x1000000000000000,0,"{""UserData"":{""EventXML"":{""Session"":""3"",""Reason"":""0""}}}"
110,110,2024-03-13 22:09:20.2191385,40,Info,Microsoft-Windows-TerminalServices-LocalSessionManager,Microsoft-Windows-TerminalServices-LocalSessionManager/Operational,644,4504,wef.windomain.local,0,S-1-5-18,"Session (PayloadData1) has been disconnected, reason code (PayloadData2)",,,Session: 2,Reason: The client's connection was replaced by another connection (i.e. a user reconnected to a previous RDP session),,,,,,False,C:\lab\Tools\EvtxECmd\FileServer\Microsoft-Windows-TerminalServices-LocalSessionManager%4Operational.evtx,0x1000000000000000,0,"{""UserData"":{""EventXML"":{""Session"":""2"",""Reason"":""5""}}}"
111,111,2024-03-13 22:09:20.4523484,25,Info,Microsoft-Windows-TerminalServices-LocalSessionManager,Microsoft-Windows-TerminalServices-LocalSessionManager/Operational,644,4504,wef.windomain.local,0,S-1-5-18,Remote Desktop Services: Session reconnection succeeded,WINDOMAIN\admin.1,LOCAL,Session ID: 2,,,,,,,False,C:\lab\Tools\EvtxECmd\FileServer\Microsoft-Windows-TerminalServices-LocalSessionManager%4Operational.evtx,0x1000000000000000,0,"{""UserData"":{""EventXML"":{""User"":""WINDOMAIN\\admin.1"",""SessionID"":""2"",""Address"":""LOCAL""}}}"
112,112,2024-03-13 22:09:20.4556030,42,Info,Microsoft-Windows-TerminalServices-LocalSessionManager,Microsoft-Windows-TerminalServices-LocalSessionManager/Operational,644,736,wef.windomain.local,0,S-1-5-18,,,,,,,,,,,False,C:\lab\Tools\EvtxECmd\FileServer\Microsoft-Windows-TerminalServices-LocalSessionManager%4Operational.evtx,0x1000000000000000,0,"{""UserData"":{""EventXML"":{""User"":""WINDOMAIN\\admin.1"",""SessionID"":""3""}}}"
113,113,2024-03-13 22:11:53.1098152,23,Info,Microsoft-Windows-TerminalServices-LocalSessionManager,Microsoft-Windows-TerminalServices-LocalSessionManager/Operational,644,2840,wef.windomain.local,0,S-1-5-18,Remote Desktop Services: Session logoff succeeded,WINDOMAIN\admin.1,,Session ID: 2,,,,,,,False,C:\lab\Tools\EvtxECmd\FileServer\Microsoft-Windows-TerminalServices-LocalSessionManager%4Operational.evtx,0x1000000000000000,0,"{""UserData"":{""EventXML"":{""User"":""WINDOMAIN\\admin.1"",""SessionID"":""2""}}}"
114,114,2024-03-13 22:11:53.1875713,54,Info,Microsoft-Windows-TerminalServices-LocalSessionManager,Microsoft-Windows-TerminalServices-LocalSessionManager/Operational,644,2340,wef.windomain.local,0,S-1-5-18,,,,,,,,,,,False,C:\lab\Tools\EvtxECmd\FileServer\Microsoft-Windows-TerminalServices-LocalSessionManager%4Operational.evtx,0x1000000000000000,0,"{""EventData"":""""}"
115,115,2024-03-13 22:11:53.4025415,23,Info,Microsoft-Windows-TerminalServices-LocalSessionManager,Microsoft-Windows-TerminalServices-LocalSessionManager/Operational,644,3096,wef.windomain.local,0,S-1-5-18,Remote Desktop Services: Session logoff succeeded,WEF\vagrant,,Session ID: 1,,,,,,,False,C:\lab\Tools\EvtxECmd\FileServer\Microsoft-Windows-TerminalServices-LocalSessionManager%4Operational.evtx,0x1000000000000000,0,"{""UserData"":{""EventXML"":{""User"":""WEF\\vagrant"",""SessionID"":""1""}}}"
116,116,2024-03-13 22:12:30.6369915,32,Info,Microsoft-Windows-TerminalServices-LocalSessionManager,Microsoft-Windows-TerminalServices-LocalSessionManager/Operational,648,756,wef.windomain.local,0,S-1-5-18,,,,,,,,,,,False,C:\lab\Tools\EvtxECmd\FileServer\Microsoft-Windows-TerminalServices-LocalSessionManager%4Operational.evtx,0x1000000000000000,0,"{""UserData"":{""EventXML"":{""messageName"":""RDSAppXPlugin""}}}"
117,117,2024-03-13 22:13:40.0128670,41,Info,Microsoft-Windows-TerminalServices-LocalSessionManager,Microsoft-Windows-TerminalServices-LocalSessionManager/Operational,648,896,wef.windomain.local,0,S-1-5-18,RDP Begin session arbitration,,,Target: WEF\vagrant,Session ID: 1,,,,ActivityID: 61a55000-55e5-1017-0000-000000000000,,False,C:\lab\Tools\EvtxECmd\FileServer\Microsoft-Windows-TerminalServices-LocalSessionManager%4Operational.evtx,0x1000000000000000,0,"{""UserData"":{""EventXML"":{""User"":""WEF\\vagrant"",""SessionID"":""1""}}}"
118,118,2024-03-13 22:13:40.0164315,42,Info,Microsoft-Windows-TerminalServices-LocalSessionManager,Microsoft-Windows-TerminalServices-LocalSessionManager/Operational,648,896,wef.windomain.local,0,S-1-5-18,,,,,,,,,,,False,C:\lab\Tools\EvtxECmd\FileServer\Microsoft-Windows-TerminalServices-LocalSessionManager%4Operational.evtx,0x1000000000000000,0,"{""UserData"":{""EventXML"":{""User"":""WEF\\vagrant"",""SessionID"":""1""}}}"
119,119,2024-03-13 22:13:40.1070764,21,Info,Microsoft-Windows-TerminalServices-LocalSessionManager,Microsoft-Windows-TerminalServices-LocalSessionManager/Operational,648,896,wef.windomain.local,0,S-1-5-18,Remote Desktop Services: Session logon succeeded,WEF\vagrant,LOCAL,Session ID: 1,,,,,,,False,C:\lab\Tools\EvtxECmd\FileServer\Microsoft-Windows-TerminalServices-LocalSessionManager%4Operational.evtx,0x1000000000000000,0,"{""UserData"":{""EventXML"":{""User"":""WEF\\vagrant"",""SessionID"":""1"",""Address"":""LOCAL""}}}"
120,120,2024-03-13 22:13:40.3640109,22,Info,Microsoft-Windows-TerminalServices-LocalSessionManager,Microsoft-Windows-TerminalServices-LocalSessionManager/Operational,648,788,wef.windomain.local,0,S-1-5-18,Remote Desktop Services: Shell start notification received,WEF\vagrant,LOCAL,,,,,,,,False,C:\lab\Tools\EvtxECmd\FileServer\Microsoft-Windows-TerminalServices-LocalSessionManager%4Operational.evtx,0x1000000000000000,0,"{""UserData"":{""EventXML"":{""User"":""WEF\\vagrant"",""SessionID"":""1"",""Address"":""LOCAL""}}}"
121,121,2024-03-13 22:26:00.7724181,39,Info,Microsoft-Windows-TerminalServices-LocalSessionManager,Microsoft-Windows-TerminalServices-LocalSessionManager/Operational,648,920,wef.windomain.local,0,S-1-5-18,Session (PayloadData1) has been disconnected by session (PayloadData2),,,TargetSession: 1,Source: 1,,,,,,False,C:\lab\Tools\EvtxECmd\FileServer\Microsoft-Windows-TerminalServices-LocalSessionManager%4Operational.evtx,0x1000000000000000,0,"{""UserData"":{""EventXML"":{""TargetSession"":""1"",""Source"":""1""}}}"
122,122,2024-03-13 22:26:00.7724230,59,Info,Microsoft-Windows-TerminalServices-LocalSessionManager,Microsoft-Windows-TerminalServices-LocalSessionManager/Operational,648,920,wef.windomain.local,0,S-1-5-18,,,,,,,,,,,False,C:\lab\Tools\EvtxECmd\FileServer\Microsoft-Windows-TerminalServices-LocalSessionManager%4Operational.evtx,0x1000000000000000,0,"{""ProcessingErrorData"":{""ErrorCode"":""15005"",""DataItemName"":""ClientProcessId"",""EventPayload"":""52-70-63-44-69-73-63-6F-6E-6E-65-63-74-00-4C-00-6F-00-67-00-6F-00-6E-00-55-00-49-00-2E-00-65-00-78-00-65-00-00-00-01-00-00-00-00-0A-00-00""}}"
123,123,2024-03-13 22:26:00.7724257,40,Info,Microsoft-Windows-TerminalServices-LocalSessionManager,Microsoft-Windows-TerminalServices-LocalSessionManager/Operational,648,920,wef.windomain.local,0,S-1-5-18,"Session (PayloadData1) has been disconnected, reason code (PayloadData2)",,,Session: 1,Reason: The disconnection was initiated by the user disconnecting his or her session on the server or by an administrative tool on the server,,,,,,False,C:\lab\Tools\EvtxECmd\FileServer\Microsoft-Windows-TerminalServices-LocalSessionManager%4Operational.evtx,0x1000000000000000,0,"{""UserData"":{""EventXML"":{""Session"":""1"",""Reason"":""11""}}}"
124,124,2024-03-13 22:26:00.8611055,24,Info,Microsoft-Windows-TerminalServices-LocalSessionManager,Microsoft-Windows-TerminalServices-LocalSessionManager/Operational,648,920,wef.windomain.local,0,S-1-5-18,Remote Desktop Services: Session has been disconnected,WEF\vagrant,LOCAL,Session ID: 1,,,,,,,False,C:\lab\Tools\EvtxECmd\FileServer\Microsoft-Windows-TerminalServices-LocalSessionManager%4Operational.evtx,0x1000000000000000,0,"{""UserData"":{""EventXML"":{""User"":""WEF\\vagrant"",""SessionID"":""1"",""Address"":""LOCAL""}}}"
125,125,2024-03-13 22:26:24.2378852,41,Info,Microsoft-Windows-TerminalServices-LocalSessionManager,Microsoft-Windows-TerminalServices-LocalSessionManager/Operational,648,3320,wef.windomain.local,0,S-1-5-18,RDP Begin session arbitration,,,Target: WINDOMAIN\admin.1,Session ID: 2,,,,ActivityID: 61a55000-55e5-1017-0000-000000000000,,False,C:\lab\Tools\EvtxECmd\FileServer\Microsoft-Windows-TerminalServices-LocalSessionManager%4Operational.evtx,0x1000000000000000,0,"{""UserData"":{""EventXML"":{""User"":""WINDOMAIN\\admin.1"",""SessionID"":""2""}}}"
126,126,2024-03-13 22:26:24.2410979,42,Info,Microsoft-Windows-TerminalServices-LocalSessionManager,Microsoft-Windows-TerminalServices-LocalSessionManager/Operational,648,3320,wef.windomain.local,0,S-1-5-18,,,,,,,,,,,False,C:\lab\Tools\EvtxECmd\FileServer\Microsoft-Windows-TerminalServices-LocalSessionManager%4Operational.evtx,0x1000000000000000,0,"{""UserData"":{""EventXML"":{""User"":""WINDOMAIN\\admin.1"",""SessionID"":""2""}}}"
127,127,2024-03-13 22:26:24.4540955,21,Info,Microsoft-Windows-TerminalServices-LocalSessionManager,Microsoft-Windows-TerminalServices-LocalSessionManager/Operational,648,3320,wef.windomain.local,0,S-1-5-18,Remote Desktop Services: Session logon succeeded,WINDOMAIN\admin.1,LOCAL,Session ID: 2,,,,,,,False,C:\lab\Tools\EvtxECmd\FileServer\Microsoft-Windows-TerminalServices-LocalSessionManager%4Operational.evtx,0x1000000000000000,0,"{""UserData"":{""EventXML"":{""User"":""WINDOMAIN\\admin.1"",""SessionID"":""2"",""Address"":""LOCAL""}}}"
128,128,2024-03-13 22:26:24.6312024,22,Info,Microsoft-Windows-TerminalServices-LocalSessionManager,Microsoft-Windows-TerminalServices-LocalSessionManager/Operational,648,3320,wef.windomain.local,0,S-1-5-18,Remote Desktop Services: Shell start notification received,WINDOMAIN\admin.1,LOCAL,,,,,,,,False,C:\lab\Tools\EvtxECmd\FileServer\Microsoft-Windows-TerminalServices-LocalSessionManager%4Operational.evtx,0x1000000000000000,0,"{""UserData"":{""EventXML"":{""User"":""WINDOMAIN\\admin.1"",""SessionID"":""2"",""Address"":""LOCAL""}}}"
129,129,2024-03-15 20:42:36.4694265,41,Info,Microsoft-Windows-TerminalServices-LocalSessionManager,Microsoft-Windows-TerminalServices-LocalSessionManager/Operational,648,3640,wef.windomain.local,0,S-1-5-18,RDP Begin session arbitration,,,Target: WINDOMAIN\admin.1,Session ID: 3,,,,ActivityID: f420b6b4-f89a-47d1-8715-d05077470000,,False,C:\lab\Tools\EvtxECmd\FileServer\Microsoft-Windows-TerminalServices-LocalSessionManager%4Operational.evtx,0x1000000000000000,0,"{""UserData"":{""EventXML"":{""User"":""WINDOMAIN\\admin.1"",""SessionID"":""3""}}}"
130,130,2024-03-15 20:42:36.4738791,40,Info,Microsoft-Windows-TerminalServices-LocalSessionManager,Microsoft-Windows-TerminalServices-LocalSessionManager/Operational,648,1928,wef.windomain.local,0,S-1-5-18,"Session (PayloadData1) has been disconnected, reason code (PayloadData2)",,,Session: 2,Reason: The client's connection was replaced by another connection (i.e. a user reconnected to a previous RDP session),,,,,,False,C:\lab\Tools\EvtxECmd\FileServer\Microsoft-Windows-TerminalServices-LocalSessionManager%4Operational.evtx,0x1000000000000000,0,"{""UserData"":{""EventXML"":{""Session"":""2"",""Reason"":""5""}}}"
131,131,2024-03-15 20:42:36.6645154,24,Info,Microsoft-Windows-TerminalServices-LocalSessionManager,Microsoft-Windows-TerminalServices-LocalSessionManager/Operational,648,1928,wef.windomain.local,0,S-1-5-18,Remote Desktop Services: Session has been disconnected,WINDOMAIN\admin.1,LOCAL,Session ID: 2,,,,,,,False,C:\lab\Tools\EvtxECmd\FileServer\Microsoft-Windows-TerminalServices-LocalSessionManager%4Operational.evtx,0x1000000000000000,520,"{""UserData"":{""EventXML"":{""User"":""WINDOMAIN\\admin.1"",""SessionID"":""2"",""Address"":""LOCAL""}}}"
132,132,2024-03-15 20:42:36.7133450,40,Info,Microsoft-Windows-TerminalServices-LocalSessionManager,Microsoft-Windows-TerminalServices-LocalSessionManager/Operational,648,912,wef.windomain.local,0,S-1-5-18,"Session (PayloadData1) has been disconnected, reason code (PayloadData2)",,,Session: 3,Reason: No additional information is available (i.e. the user has closed RDP window),,,,,,False,C:\lab\Tools\EvtxECmd\FileServer\Microsoft-Windows-TerminalServices-LocalSessionManager%4Operational.evtx,0x1000000000000000,0,"{""UserData"":{""EventXML"":{""Session"":""3"",""Reason"":""0""}}}"
133,133,2024-03-15 20:42:36.8293516,40,Info,Microsoft-Windows-TerminalServices-LocalSessionManager,Microsoft-Windows-TerminalServices-LocalSessionManager/Operational,648,912,wef.windomain.local,0,S-1-5-18,"Session (PayloadData1) has been disconnected, reason code (PayloadData2)",,,Session: 2,Reason: The client's connection was replaced by another connection (i.e. a user reconnected to a previous RDP session),,,,,,False,C:\lab\Tools\EvtxECmd\FileServer\Microsoft-Windows-TerminalServices-LocalSessionManager%4Operational.evtx,0x1000000000000000,0,"{""UserData"":{""EventXML"":{""Session"":""2"",""Reason"":""5""}}}"
134,134,2024-03-15 20:42:37.2818814,25,Info,Microsoft-Windows-TerminalServices-LocalSessionManager,Microsoft-Windows-TerminalServices-LocalSessionManager/Operational,648,912,wef.windomain.local,0,S-1-5-18,Remote Desktop Services: Session reconnection succeeded,WINDOMAIN\admin.1,192.168.56.102,Session ID: 2,,,,,,,False,C:\lab\Tools\EvtxECmd\FileServer\Microsoft-Windows-TerminalServices-LocalSessionManager%4Operational.evtx,0x1000000000000000,0,"{""UserData"":{""EventXML"":{""User"":""WINDOMAIN\\admin.1"",""SessionID"":""2"",""Address"":""192.168.56.102""}}}"
135,135,2024-03-15 20:42:37.2824001,42,Info,Microsoft-Windows-TerminalServices-LocalSessionManager,Microsoft-Windows-TerminalServices-LocalSessionManager/Operational,648,3640,wef.windomain.local,0,S-1-5-18,,,,,,,,,,,False,C:\lab\Tools\EvtxECmd\FileServer\Microsoft-Windows-TerminalServices-LocalSessionManager%4Operational.evtx,0x1000000000000000,0,"{""UserData"":{""EventXML"":{""User"":""WINDOMAIN\\admin.1"",""SessionID"":""3""}}}"
136,136,2024-03-18 22:47:00.9524932,41,Info,Microsoft-Windows-TerminalServices-LocalSessionManager,Microsoft-Windows-TerminalServices-LocalSessionManager/Operational,648,912,wef.windomain.local,0,S-1-5-18,RDP Begin session arbitration,,,Target: WINDOMAIN\admin.1,Session ID: 4,,,,ActivityID: 61a55000-55e5-1017-0000-000000000000,,False,C:\lab\Tools\EvtxECmd\FileServer\Microsoft-Windows-TerminalServices-LocalSessionManager%4Operational.evtx,0x1000000000000000,0,"{""UserData"":{""EventXML"":{""User"":""WINDOMAIN\\admin.1"",""SessionID"":""4""}}}"
137,137,2024-03-18 22:47:00.9560446,40,Info,Microsoft-Windows-TerminalServices-LocalSessionManager,Microsoft-Windows-TerminalServices-LocalSessionManager/Operational,648,4036,wef.windomain.local,0,S-1-5-18,"Session (PayloadData1) has been disconnected, reason code (PayloadData2)",,,Session: 2,Reason: The client's connection was replaced by another connection (i.e. a user reconnected to a previous RDP session),,,,,,False,C:\lab\Tools\EvtxECmd\FileServer\Microsoft-Windows-TerminalServices-LocalSessionManager%4Operational.evtx,0x1000000000000000,0,"{""UserData"":{""EventXML"":{""Session"":""2"",""Reason"":""5""}}}"
138,138,2024-03-18 22:47:01.1972676,24,Info,Microsoft-Windows-TerminalServices-LocalSessionManager,Microsoft-Windows-TerminalServices-LocalSessionManager/Operational,648,4036,wef.windomain.local,0,S-1-5-18,Remote Desktop Services: Session has been disconnected,WINDOMAIN\admin.1,192.168.56.102,Session ID: 2,,,,,,,False,C:\lab\Tools\EvtxECmd\FileServer\Microsoft-Windows-TerminalServices-LocalSessionManager%4Operational.evtx,0x1000000000000000,0,"{""UserData"":{""EventXML"":{""User"":""WINDOMAIN\\admin.1"",""SessionID"":""2"",""Address"":""192.168.56.102""}}}"
139,139,2024-03-18 22:47:01.2020352,40,Info,Microsoft-Windows-TerminalServices-LocalSessionManager,Microsoft-Windows-TerminalServices-LocalSessionManager/Operational,648,5956,wef.windomain.local,0,S-1-5-18,"Session (PayloadData1) has been disconnected, reason code (PayloadData2)",,,Session: 4,Reason: No additional information is available (i.e. the user has closed RDP window),,,,,,False,C:\lab\Tools\EvtxECmd\FileServer\Microsoft-Windows-TerminalServices-LocalSessionManager%4Operational.evtx,0x1000000000000000,0,"{""UserData"":{""EventXML"":{""Session"":""4"",""Reason"":""0""}}}"
140,140,2024-03-18 22:47:01.2515988,40,Info,Microsoft-Windows-TerminalServices-LocalSessionManager,Microsoft-Windows-TerminalServices-LocalSessionManager/Operational,648,5956,wef.windomain.local,0,S-1-5-18,"Session (PayloadData1) has been disconnected, reason code (PayloadData2)",,,Session: 2,Reason: The client's connection was replaced by another connection (i.e. a user reconnected to a previous RDP session),,,,,,False,C:\lab\Tools\EvtxECmd\FileServer\Microsoft-Windows-TerminalServices-LocalSessionManager%4Operational.evtx,0x1000000000000000,0,"{""UserData"":{""EventXML"":{""Session"":""2"",""Reason"":""5""}}}"
141,141,2024-03-18 22:47:01.5365079,25,Info,Microsoft-Windows-TerminalServices-LocalSessionManager,Microsoft-Windows-TerminalServices-LocalSessionManager/Operational,648,5956,wef.windomain.local,0,S-1-5-18,Remote Desktop Services: Session reconnection succeeded,WINDOMAIN\admin.1,LOCAL,Session ID: 2,,,,,,,False,C:\lab\Tools\EvtxECmd\FileServer\Microsoft-Windows-TerminalServices-LocalSessionManager%4Operational.evtx,0x1000000000000000,0,"{""UserData"":{""EventXML"":{""User"":""WINDOMAIN\\admin.1"",""SessionID"":""2"",""Address"":""LOCAL""}}}"
142,142,2024-03-18 22:47:01.5384159,42,Info,Microsoft-Windows-TerminalServices-LocalSessionManager,Microsoft-Windows-TerminalServices-LocalSessionManager/Operational,648,912,wef.windomain.local,0,S-1-5-18,,,,,,,,,,,False,C:\lab\Tools\EvtxECmd\FileServer\Microsoft-Windows-TerminalServices-LocalSessionManager%4Operational.evtx,0x1000000000000000,0,"{""UserData"":{""EventXML"":{""User"":""WINDOMAIN\\admin.1"",""SessionID"":""4""}}}"
143,143,2024-03-18 23:08:09.3406825,23,Info,Microsoft-Windows-TerminalServices-LocalSessionManager,Microsoft-Windows-TerminalServices-LocalSessionManager/Operational,648,4204,wef.windomain.local,0,S-1-5-18,Remote Desktop Services: Session logoff succeeded,WINDOMAIN\admin.1,,Session ID: 2,,,,,,,False,C:\lab\Tools\EvtxECmd\FileServer\Microsoft-Windows-TerminalServices-LocalSessionManager%4Operational.evtx,0x1000000000000000,504,"{""UserData"":{""EventXML"":{""User"":""WINDOMAIN\\admin.1"",""SessionID"":""2""}}}"
144,144,2024-03-18 23:08:09.3581676,54,Info,Microsoft-Windows-TerminalServices-LocalSessionManager,Microsoft-Windows-TerminalServices-LocalSessionManager/Operational,648,4204,wef.windomain.local,0,S-1-5-18,,,,,,,,,,,False,C:\lab\Tools\EvtxECmd\FileServer\Microsoft-Windows-TerminalServices-LocalSessionManager%4Operational.evtx,0x1000000000000000,456,"{""EventData"":""""}"
145,145,2024-03-18 23:08:09.6329709,23,Info,Microsoft-Windows-TerminalServices-LocalSessionManager,Microsoft-Windows-TerminalServices-LocalSessionManager/Operational,648,4204,wef.windomain.local,0,S-1-5-18,Remote Desktop Services: Session logoff succeeded,WEF\vagrant,,Session ID: 1,,,,,,,False,C:\lab\Tools\EvtxECmd\FileServer\Microsoft-Windows-TerminalServices-LocalSessionManager%4Operational.evtx,0x1000000000000000,0,"{""UserData"":{""EventXML"":{""User"":""WEF\\vagrant"",""SessionID"":""1""}}}"
146,146,2024-03-18 23:08:18.9411302,32,Info,Microsoft-Windows-TerminalServices-LocalSessionManager,Microsoft-Windows-TerminalServices-LocalSessionManager/Operational,648,752,wef.windomain.local,0,S-1-5-18,,,,,,,,,,,False,C:\lab\Tools\EvtxECmd\FileServer\Microsoft-Windows-TerminalServices-LocalSessionManager%4Operational.evtx,0x1000000000000000,0,"{""UserData"":{""EventXML"":{""messageName"":""RDSAppXPlugin""}}}"
147,147,2024-03-18 23:09:27.5818811,41,Info,Microsoft-Windows-TerminalServices-LocalSessionManager,Microsoft-Windows-TerminalServices-LocalSessionManager/Operational,648,760,wef.windomain.local,0,S-1-5-18,RDP Begin session arbitration,,,Target: WEF\vagrant,Session ID: 1,,,,ActivityID: 61a55000-55e5-1017-0000-000000000000,,False,C:\lab\Tools\EvtxECmd\FileServer\Microsoft-Windows-TerminalServices-LocalSessionManager%4Operational.evtx,0x1000000000000000,0,"{""UserData"":{""EventXML"":{""User"":""WEF\\vagrant"",""SessionID"":""1""}}}"
148,148,2024-03-18 23:09:27.5860625,42,Info,Microsoft-Windows-TerminalServices-LocalSessionManager,Microsoft-Windows-TerminalServices-LocalSessionManager/Operational,648,760,wef.windomain.local,0,S-1-5-18,,,,,,,,,,,False,C:\lab\Tools\EvtxECmd\FileServer\Microsoft-Windows-TerminalServices-LocalSessionManager%4Operational.evtx,0x1000000000000000,0,"{""UserData"":{""EventXML"":{""User"":""WEF\\vagrant"",""SessionID"":""1""}}}"
149,149,2024-03-18 23:09:27.7076932,21,Info,Microsoft-Windows-TerminalServices-LocalSessionManager,Microsoft-Windows-TerminalServices-LocalSessionManager/Operational,648,760,wef.windomain.local,0,S-1-5-18,Remote Desktop Services: Session logon succeeded,WEF\vagrant,LOCAL,Session ID: 1,,,,,,,False,C:\lab\Tools\EvtxECmd\FileServer\Microsoft-Windows-TerminalServices-LocalSessionManager%4Operational.evtx,0x1000000000000000,0,"{""UserData"":{""EventXML"":{""User"":""WEF\\vagrant"",""SessionID"":""1"",""Address"":""LOCAL""}}}"
150,150,2024-03-18 23:09:28.0087982,22,Info,Microsoft-Windows-TerminalServices-LocalSessionManager,Microsoft-Windows-TerminalServices-LocalSessionManager/Operational,648,424,wef.windomain.local,0,S-1-5-18,Remote Desktop Services: Shell start notification received,WEF\vagrant,LOCAL,,,,,,,,False,C:\lab\Tools\EvtxECmd\FileServer\Microsoft-Windows-TerminalServices-LocalSessionManager%4Operational.evtx,0x1000000000000000,0,"{""UserData"":{""EventXML"":{""User"":""WEF\\vagrant"",""SessionID"":""1"",""Address"":""LOCAL""}}}"
151,151,2024-03-18 23:09:48.7598244,23,Info,Microsoft-Windows-TerminalServices-LocalSessionManager,Microsoft-Windows-TerminalServices-LocalSessionManager/Operational,648,424,wef.windomain.local,0,S-1-5-18,Remote Desktop Services: Session logoff succeeded,WEF\vagrant,,Session ID: 1,,,,,,,False,C:\lab\Tools\EvtxECmd\FileServer\Microsoft-Windows-TerminalServices-LocalSessionManager%4Operational.evtx,0x1000000000000000,0,"{""UserData"":{""EventXML"":{""User"":""WEF\\vagrant"",""SessionID"":""1""}}}"
152,152,2024-03-18 23:09:48.8616013,39,Info,Microsoft-Windows-TerminalServices-LocalSessionManager,Microsoft-Windows-TerminalServices-LocalSessionManager/Operational,648,792,wef.windomain.local,0,S-1-5-18,Session (PayloadData1) has been disconnected by session (PayloadData2),,,TargetSession: 1,Source: 1,,,,,,False,C:\lab\Tools\EvtxECmd\FileServer\Microsoft-Windows-TerminalServices-LocalSessionManager%4Operational.evtx,0x1000000000000000,0,"{""UserData"":{""EventXML"":{""TargetSession"":""1"",""Source"":""1""}}}"
153,153,2024-03-18 23:09:48.8616062,59,Info,Microsoft-Windows-TerminalServices-LocalSessionManager,Microsoft-Windows-TerminalServices-LocalSessionManager/Operational,648,792,wef.windomain.local,0,S-1-5-18,,,,,,,,,,,False,C:\lab\Tools\EvtxECmd\FileServer\Microsoft-Windows-TerminalServices-LocalSessionManager%4Operational.evtx,0x1000000000000000,0,"{""ProcessingErrorData"":{""ErrorCode"":""15005"",""DataItemName"":""ClientProcessId"",""EventPayload"":""52-70-63-44-69-73-63-6F-6E-6E-65-63-74-00-77-00-69-00-6E-00-6C-00-6F-00-67-00-6F-00-6E-00-2E-00-65-00-78-00-65-00-00-00-01-00-00-00-E8-01-00-00""}}"
154,154,2024-03-18 23:09:48.8616089,40,Info,Microsoft-Windows-TerminalServices-LocalSessionManager,Microsoft-Windows-TerminalServices-LocalSessionManager/Operational,648,792,wef.windomain.local,0,S-1-5-18,"Session (PayloadData1) has been disconnected, reason code (PayloadData2)",,,Session: 1,Reason: The disconnection was initiated by the user disconnecting his or her session on the server or by an administrative tool on the server,,,,,,False,C:\lab\Tools\EvtxECmd\FileServer\Microsoft-Windows-TerminalServices-LocalSessionManager%4Operational.evtx,0x1000000000000000,0,"{""UserData"":{""EventXML"":{""Session"":""1"",""Reason"":""11""}}}"
155,155,2024-03-18 23:09:48.9245754,24,Info,Microsoft-Windows-TerminalServices-LocalSessionManager,Microsoft-Windows-TerminalServices-LocalSessionManager/Operational,648,792,wef.windomain.local,0,S-1-5-18,Remote Desktop Services: Session has been disconnected,WEF\vagrant,LOCAL,Session ID: 1,,,,,,,False,C:\lab\Tools\EvtxECmd\FileServer\Microsoft-Windows-TerminalServices-LocalSessionManager%4Operational.evtx,0x1000000000000000,0,"{""UserData"":{""EventXML"":{""User"":""WEF\\vagrant"",""SessionID"":""1"",""Address"":""LOCAL""}}}"
156,156,2024-03-18 23:10:14.2780327,41,Info,Microsoft-Windows-TerminalServices-LocalSessionManager,Microsoft-Windows-TerminalServices-LocalSessionManager/Operational,648,792,wef.windomain.local,0,S-1-5-18,RDP Begin session arbitration,,,Target: WINDOMAIN\admin.1,Session ID: 2,,,,ActivityID: 61a55000-55e5-1017-0000-000000000000,,False,C:\lab\Tools\EvtxECmd\FileServer\Microsoft-Windows-TerminalServices-LocalSessionManager%4Operational.evtx,0x1000000000000000,0,"{""UserData"":{""EventXML"":{""User"":""WINDOMAIN\\admin.1"",""SessionID"":""2""}}}"
157,157,2024-03-18 23:10:14.2820856,42,Info,Microsoft-Windows-TerminalServices-LocalSessionManager,Microsoft-Windows-TerminalServices-LocalSessionManager/Operational,648,792,wef.windomain.local,0,S-1-5-18,,,,,,,,,,,False,C:\lab\Tools\EvtxECmd\FileServer\Microsoft-Windows-TerminalServices-LocalSessionManager%4Operational.evtx,0x1000000000000000,0,"{""UserData"":{""EventXML"":{""User"":""WINDOMAIN\\admin.1"",""SessionID"":""2""}}}"
158,158,2024-03-18 23:10:14.4703591,21,Info,Microsoft-Windows-TerminalServices-LocalSessionManager,Microsoft-Windows-TerminalServices-LocalSessionManager/Operational,648,792,wef.windomain.local,0,S-1-5-18,Remote Desktop Services: Session logon succeeded,WINDOMAIN\admin.1,LOCAL,Session ID: 2,,,,,,,False,C:\lab\Tools\EvtxECmd\FileServer\Microsoft-Windows-TerminalServices-LocalSessionManager%4Operational.evtx,0x1000000000000000,0,"{""UserData"":{""EventXML"":{""User"":""WINDOMAIN\\admin.1"",""SessionID"":""2"",""Address"":""LOCAL""}}}"
159,159,2024-03-18 23:10:14.6654061,22,Info,Microsoft-Windows-TerminalServices-LocalSessionManager,Microsoft-Windows-TerminalServices-LocalSessionManager/Operational,648,3704,wef.windomain.local,0,S-1-5-18,Remote Desktop Services: Shell start notification received,WINDOMAIN\admin.1,LOCAL,,,,,,,,False,C:\lab\Tools\EvtxECmd\FileServer\Microsoft-Windows-TerminalServices-LocalSessionManager%4Operational.evtx,0x1000000000000000,0,"{""UserData"":{""EventXML"":{""User"":""WINDOMAIN\\admin.1"",""SessionID"":""2"",""Address"":""LOCAL""}}}"
160,160,2024-03-18 23:50:43.9759626,32,Info,Microsoft-Windows-TerminalServices-LocalSessionManager,Microsoft-Windows-TerminalServices-LocalSessionManager/Operational,660,764,wef.windomain.local,0,S-1-5-18,,,,,,,,,,,False,C:\lab\Tools\EvtxECmd\FileServer\Microsoft-Windows-TerminalServices-LocalSessionManager%4Operational.evtx,0x1000000000000000,0,"{""UserData"":{""EventXML"":{""messageName"":""RDSAppXPlugin""}}}"
161,161,2024-03-18 23:51:59.1578799,41,Info,Microsoft-Windows-TerminalServices-LocalSessionManager,Microsoft-Windows-TerminalServices-LocalSessionManager/Operational,660,856,wef.windomain.local,0,S-1-5-18,RDP Begin session arbitration,,,Target: WEF\vagrant,Session ID: 1,,,,ActivityID: 61a55000-55e5-1017-0000-000000000000,,False,C:\lab\Tools\EvtxECmd\FileServer\Microsoft-Windows-TerminalServices-LocalSessionManager%4Operational.evtx,0x1000000000000000,0,"{""UserData"":{""EventXML"":{""User"":""WEF\\vagrant"",""SessionID"":""1""}}}"
162,162,2024-03-18 23:51:59.1624834,42,Info,Microsoft-Windows-TerminalServices-LocalSessionManager,Microsoft-Windows-TerminalServices-LocalSessionManager/Operational,660,856,wef.windomain.local,0,S-1-5-18,,,,,,,,,,,False,C:\lab\Tools\EvtxECmd\FileServer\Microsoft-Windows-TerminalServices-LocalSessionManager%4Operational.evtx,0x1000000000000000,0,"{""UserData"":{""EventXML"":{""User"":""WEF\\vagrant"",""SessionID"":""1""}}}"
163,163,2024-03-18 23:51:59.2640878,21,Info,Microsoft-Windows-TerminalServices-LocalSessionManager,Microsoft-Windows-TerminalServices-LocalSessionManager/Operational,660,772,wef.windomain.local,0,S-1-5-18,Remote Desktop Services: Session logon succeeded,WEF\vagrant,LOCAL,Session ID: 1,,,,,,,False,C:\lab\Tools\EvtxECmd\FileServer\Microsoft-Windows-TerminalServices-LocalSessionManager%4Operational.evtx,0x1000000000000000,0,"{""UserData"":{""EventXML"":{""User"":""WEF\\vagrant"",""SessionID"":""1"",""Address"":""LOCAL""}}}"
164,164,2024-03-18 23:51:59.5323048,22,Info,Microsoft-Windows-TerminalServices-LocalSessionManager,Microsoft-Windows-TerminalServices-LocalSessionManager/Operational,660,804,wef.windomain.local,0,S-1-5-18,Remote Desktop Services: Shell start notification received,WEF\vagrant,LOCAL,,,,,,,,False,C:\lab\Tools\EvtxECmd\FileServer\Microsoft-Windows-TerminalServices-LocalSessionManager%4Operational.evtx,0x1000000000000000,0,"{""UserData"":{""EventXML"":{""User"":""WEF\\vagrant"",""SessionID"":""1"",""Address"":""LOCAL""}}}"
165,165,2024-03-18 23:52:04.9379561,23,Info,Microsoft-Windows-TerminalServices-LocalSessionManager,Microsoft-Windows-TerminalServices-LocalSessionManager/Operational,660,772,wef.windomain.local,0,S-1-5-18,Remote Desktop Services: Session logoff succeeded,WEF\vagrant,,Session ID: 1,,,,,,,False,C:\lab\Tools\EvtxECmd\FileServer\Microsoft-Windows-TerminalServices-LocalSessionManager%4Operational.evtx,0x1000000000000000,0,"{""UserData"":{""EventXML"":{""User"":""WEF\\vagrant"",""SessionID"":""1""}}}"
166,166,2024-03-18 23:52:05.0294593,39,Info,Microsoft-Windows-TerminalServices-LocalSessionManager,Microsoft-Windows-TerminalServices-LocalSessionManager/Operational,660,692,wef.windomain.local,0,S-1-5-18,Session (PayloadData1) has been disconnected by session (PayloadData2),,,TargetSession: 1,Source: 1,,,,,,False,C:\lab\Tools\EvtxECmd\FileServer\Microsoft-Windows-TerminalServices-LocalSessionManager%4Operational.evtx,0x1000000000000000,0,"{""UserData"":{""EventXML"":{""TargetSession"":""1"",""Source"":""1""}}}"
167,167,2024-03-18 23:52:05.0294702,59,Info,Microsoft-Windows-TerminalServices-LocalSessionManager,Microsoft-Windows-TerminalServices-LocalSessionManager/Operational,660,692,wef.windomain.local,0,S-1-5-18,,,,,,,,,,,False,C:\lab\Tools\EvtxECmd\FileServer\Microsoft-Windows-TerminalServices-LocalSessionManager%4Operational.evtx,0x1000000000000000,0,"{""ProcessingErrorData"":{""ErrorCode"":""15005"",""DataItemName"":""ClientProcessId"",""EventPayload"":""52-70-63-44-69-73-63-6F-6E-6E-65-63-74-00-77-00-69-00-6E-00-6C-00-6F-00-67-00-6F-00-6E-00-2E-00-65-00-78-00-65-00-00-00-01-00-00-00-00-02-00-00""}}"
168,168,2024-03-18 23:52:05.0294758,40,Info,Microsoft-Windows-TerminalServices-LocalSessionManager,Microsoft-Windows-TerminalServices-LocalSessionManager/Operational,660,692,wef.windomain.local,0,S-1-5-18,"Session (PayloadData1) has been disconnected, reason code (PayloadData2)",,,Session: 1,Reason: The disconnection was initiated by the user disconnecting his or her session on the server or by an administrative tool on the server,,,,,,False,C:\lab\Tools\EvtxECmd\FileServer\Microsoft-Windows-TerminalServices-LocalSessionManager%4Operational.evtx,0x1000000000000000,0,"{""UserData"":{""EventXML"":{""Session"":""1"",""Reason"":""11""}}}"
169,169,2024-03-18 23:52:05.0974359,24,Info,Microsoft-Windows-TerminalServices-LocalSessionManager,Microsoft-Windows-TerminalServices-LocalSessionManager/Operational,660,692,wef.windomain.local,0,S-1-5-18,Remote Desktop Services: Session has been disconnected,WEF\vagrant,LOCAL,Session ID: 1,,,,,,,False,C:\lab\Tools\EvtxECmd\FileServer\Microsoft-Windows-TerminalServices-LocalSessionManager%4Operational.evtx,0x1000000000000000,0,"{""UserData"":{""EventXML"":{""User"":""WEF\\vagrant"",""SessionID"":""1"",""Address"":""LOCAL""}}}"
170,170,2024-03-18 23:52:36.3252568,41,Info,Microsoft-Windows-TerminalServices-LocalSessionManager,Microsoft-Windows-TerminalServices-LocalSessionManager/Operational,660,856,wef.windomain.local,0,S-1-5-18,RDP Begin session arbitration,,,Target: WINDOMAIN\admin.1,Session ID: 2,,,,ActivityID: 61a55000-55e5-1017-0000-000000000000,,False,C:\lab\Tools\EvtxECmd\FileServer\Microsoft-Windows-TerminalServices-LocalSessionManager%4Operational.evtx,0x1000000000000000,0,"{""UserData"":{""EventXML"":{""User"":""WINDOMAIN\\admin.1"",""SessionID"":""2""}}}"
171,171,2024-03-18 23:52:36.3282962,42,Info,Microsoft-Windows-TerminalServices-LocalSessionManager,Microsoft-Windows-TerminalServices-LocalSessionManager/Operational,660,856,wef.windomain.local,0,S-1-5-18,,,,,,,,,,,False,C:\lab\Tools\EvtxECmd\FileServer\Microsoft-Windows-TerminalServices-LocalSessionManager%4Operational.evtx,0x1000000000000000,0,"{""UserData"":{""EventXML"":{""User"":""WINDOMAIN\\admin.1"",""SessionID"":""2""}}}"
172,172,2024-03-18 23:52:36.5669358,21,Info,Microsoft-Windows-TerminalServices-LocalSessionManager,Microsoft-Windows-TerminalServices-LocalSessionManager/Operational,660,856,wef.windomain.local,0,S-1-5-18,Remote Desktop Services: Session logon succeeded,WINDOMAIN\admin.1,LOCAL,Session ID: 2,,,,,,,False,C:\lab\Tools\EvtxECmd\FileServer\Microsoft-Windows-TerminalServices-LocalSessionManager%4Operational.evtx,0x1000000000000000,0,"{""UserData"":{""EventXML"":{""User"":""WINDOMAIN\\admin.1"",""SessionID"":""2"",""Address"":""LOCAL""}}}"
173,173,2024-03-18 23:52:36.7394293,22,Info,Microsoft-Windows-TerminalServices-LocalSessionManager,Microsoft-Windows-TerminalServices-LocalSessionManager/Operational,660,3212,wef.windomain.local,0,S-1-5-18,Remote Desktop Services: Shell start notification received,WINDOMAIN\admin.1,LOCAL,,,,,,,,False,C:\lab\Tools\EvtxECmd\FileServer\Microsoft-Windows-TerminalServices-LocalSessionManager%4Operational.evtx,0x1000000000000000,0,"{""UserData"":{""EventXML"":{""User"":""WINDOMAIN\\admin.1"",""SessionID"":""2"",""Address"":""LOCAL""}}}"
174,174,2024-03-19 00:12:01.9887908,23,Info,Microsoft-Windows-TerminalServices-LocalSessionManager,Microsoft-Windows-TerminalServices-LocalSessionManager/Operational,660,856,wef.windomain.local,0,S-1-5-18,Remote Desktop Services: Session logoff succeeded,WINDOMAIN\admin.1,,Session ID: 2,,,,,,,False,C:\lab\Tools\EvtxECmd\FileServer\Microsoft-Windows-TerminalServices-LocalSessionManager%4Operational.evtx,0x1000000000000000,0,"{""UserData"":{""EventXML"":{""User"":""WINDOMAIN\\admin.1"",""SessionID"":""2""}}}"
